Oct-18 20:07:10.010 [main] DEBUG nextflow.cli.Launcher - $> nextflow run /aloy/home/ymartins/match_clinical_trial/ner_subproj/main.nf --dataDir /aloy/home/ymartins/match_clinical_trial/nerfairwf_experiments/trials/ --runningConfig /aloy/home/ymartins/match_clinical_trial/nerfairwf_experiments/configs/config_chiads.json --mode metadata_enrichment
Oct-18 20:07:10.186 [main] DEBUG nextflow.cli.CmdRun - N E X T F L O W  ~  version 25.04.6
Oct-18 20:07:10.222 [main] DEBUG nextflow.plugin.PluginsFacade - Setting up plugin manager > mode=prod; embedded=false; plugins-dir=/home/ymartins/.nextflow/plugins; core-plugins: nf-amazon@2.15.0,nf-azure@1.16.0,nf-cloudcache@0.4.3,nf-codecommit@0.2.3,nf-console@1.2.1,nf-google@1.21.1,nf-k8s@1.0.0,nf-tower@1.11.4,nf-wave@1.12.1
Oct-18 20:07:10.264 [main] INFO  o.pf4j.DefaultPluginStatusProvider - Enabled plugins: []
Oct-18 20:07:10.266 [main] INFO  o.pf4j.DefaultPluginStatusProvider - Disabled plugins: []
Oct-18 20:07:10.269 [main] INFO  org.pf4j.DefaultPluginManager - PF4J version 3.12.0 in 'deployment' mode
Oct-18 20:07:10.286 [main] INFO  org.pf4j.AbstractPluginManager - No plugins
Oct-18 20:07:10.318 [main] DEBUG nextflow.config.ConfigBuilder - Found config local: /aloy/home/ymartins/match_clinical_trial/ner_subproj/nextflow.config
Oct-18 20:07:10.322 [main] DEBUG nextflow.config.ConfigBuilder - Parsing config file: /aloy/home/ymartins/match_clinical_trial/ner_subproj/nextflow.config
Oct-18 20:07:10.375 [main] DEBUG n.secret.LocalSecretsProvider - Secrets store: /home/ymartins/.nextflow/secrets/store.json
Oct-18 20:07:10.381 [main] DEBUG nextflow.secret.SecretsLoader - Discovered secrets providers: [nextflow.secret.LocalSecretsProvider@31fc71ab] - activable => nextflow.secret.LocalSecretsProvider@31fc71ab
Oct-18 20:07:10.405 [main] DEBUG nextflow.config.ConfigBuilder - Applying config profile: `standard`
Oct-18 20:07:11.154 [main] DEBUG nextflow.cli.CmdRun - Applied DSL=2 from script declaration
Oct-18 20:07:11.171 [main] DEBUG nextflow.cli.CmdRun - Launching `/aloy/home/ymartins/match_clinical_trial/ner_subproj/main.nf` [sleepy_watson] DSL2 - revision: 54782c8edf
Oct-18 20:07:11.173 [main] DEBUG nextflow.plugin.PluginsFacade - Plugins default=[]
Oct-18 20:07:11.173 [main] DEBUG nextflow.plugin.PluginsFacade - Plugins resolved requirement=[]
Oct-18 20:07:11.224 [main] DEBUG nextflow.Session - Session UUID: cf19eb8d-5746-4ce6-8555-b2452083c918
Oct-18 20:07:11.225 [main] DEBUG nextflow.Session - Run name: sleepy_watson
Oct-18 20:07:11.225 [main] DEBUG nextflow.Session - Executor pool size: 8
Oct-18 20:07:11.234 [main] DEBUG nextflow.file.FilePorter - File porter settings maxRetries=3; maxTransfers=50; pollTimeout=null
Oct-18 20:07:11.241 [main] DEBUG nextflow.util.ThreadPoolBuilder - Creating thread pool 'FileTransfer' minSize=10; maxSize=24; workQueue=LinkedBlockingQueue[-1]; allowCoreThreadTimeout=false
Oct-18 20:07:11.272 [main] DEBUG nextflow.cli.CmdRun - 
  Version: 25.04.6 build 5954
  Created: 01-07-2025 11:27 UTC (13:27 CEST)
  System: Linux 5.15.0-139-generic
  Runtime: Groovy 4.0.26 on OpenJDK 64-Bit Server VM 23.0.2-internal-adhoc.conda.src
  Encoding: UTF-8 (UTF-8)
  Process: 2545336@murakami [127.0.0.1]
  CPUs: 8 - Mem: 15.5 GB (651.6 MB) - Swap: 16 GB (8.8 GB)
Oct-18 20:07:11.311 [main] DEBUG nextflow.Session - Work-dir: /aloy/home/ymartins/match_clinical_trial/ner_subproj/work [nfs]
Oct-18 20:07:11.312 [main] DEBUG nextflow.Session - Script base path does not exist or is not a directory: /aloy/home/ymartins/match_clinical_trial/ner_subproj/bin
Oct-18 20:07:11.325 [main] DEBUG nextflow.executor.ExecutorFactory - Extension executors providers=[]
Oct-18 20:07:11.338 [main] DEBUG nextflow.Session - Observer factory: DefaultObserverFactory
Oct-18 20:07:11.346 [main] DEBUG nextflow.Session - Observer factory (v2): LinObserverFactory
Oct-18 20:07:11.385 [main] DEBUG nextflow.cache.CacheFactory - Using Nextflow cache factory: nextflow.cache.DefaultCacheFactory
Oct-18 20:07:11.397 [main] DEBUG nextflow.util.CustomThreadPool - Creating default thread pool > poolSize: 9; maxThreads: 1000
Oct-18 20:07:11.481 [main] DEBUG nextflow.Session - Session start
Oct-18 20:07:12.088 [main] DEBUG nextflow.script.ScriptRunner - > Launching execution
Oct-18 20:07:12.107 [main] INFO  nextflow.Nextflow -  NER Fair workflow  -  P I P E L I N E
 ===================================
 dataDir       : /aloy/home/ymartins/match_clinical_trial/nerfairwf_experiments/trials/
 runningConfig : /aloy/home/ymartins/match_clinical_trial/nerfairwf_experiments/configs/config_chiads.json
 mode       : metadata_enrichment
 
Oct-18 20:07:12.208 [main] DEBUG nextflow.executor.ExecutorFactory - << taskConfig executor: local
Oct-18 20:07:12.208 [main] DEBUG nextflow.executor.ExecutorFactory - >> processorType: 'local'
Oct-18 20:07:12.215 [main] DEBUG nextflow.executor.Executor - [warm up] executor > local
Oct-18 20:07:12.224 [main] DEBUG n.processor.LocalPollingMonitor - Creating local task monitor for executor 'local' > cpus=8; memory=15.5 GB; capacity=8; pollInterval=100ms; dumpInterval=5m
Oct-18 20:07:12.226 [main] DEBUG n.processor.TaskPollingMonitor - >>> barrier register (monitor: local)
Oct-18 20:07:12.272 [main] DEBUG nextflow.processor.TaskProcessor - Creating process 'setEnvironment': maxForks=0; fair=false; array=0
Oct-18 20:07:12.353 [main] DEBUG nextflow.executor.ExecutorFactory - << taskConfig executor: local
Oct-18 20:07:12.353 [main] DEBUG nextflow.executor.ExecutorFactory - >> processorType: 'local'
Oct-18 20:07:12.354 [main] DEBUG nextflow.processor.TaskProcessor - Creating process 'PROCESS_MetaEnrichmentTasks': maxForks=0; fair=false; array=0
Oct-18 20:07:12.361 [main] DEBUG nextflow.Session - Workflow process names [dsl2]: PROCESS_PreProcessTasks, PROCESS_SignificanceAnalysisTasks, PROCESS_MetaEnrichmentTasks, PROCESS_TrainTasks, PROCESS_TestTasks, PROCESS_PredictionTasks, setEnvironment
Oct-18 20:07:12.363 [main] DEBUG nextflow.Session - Igniting dataflow network (2)
Oct-18 20:07:12.364 [main] DEBUG nextflow.processor.TaskProcessor - Starting process > setEnvironment
Oct-18 20:07:12.365 [main] DEBUG nextflow.processor.TaskProcessor - Starting process > PROCESS_MetaEnrichmentTasks
Oct-18 20:07:12.365 [main] DEBUG nextflow.script.ScriptRunner - Parsed script files:
  Script_ae93a10f079e7427: /aloy/home/ymartins/match_clinical_trial/ner_subproj/main.nf
Oct-18 20:07:12.366 [main] DEBUG nextflow.script.ScriptRunner - > Awaiting termination 
Oct-18 20:07:12.366 [main] DEBUG nextflow.Session - Session await
Oct-18 20:07:12.590 [Task submitter] DEBUG n.executor.local.LocalTaskHandler - Launch cmd line: /bin/bash -ue .command.run
Oct-18 20:07:12.594 [Task submitter] INFO  nextflow.Session - [a0/fa09a1] Submitted process > setEnvironment
Oct-18 20:07:12.627 [Task monitor] DEBUG n.processor.TaskPollingMonitor - Task completed > TaskHandler[id: 1; name: setEnvironment; status: COMPLETED; exit: 0; error: -; workDir: /aloy/home/ymartins/match_clinical_trial/ner_subproj/work/a0/fa09a1be4d61afcbd8f245aabc00d7]
Oct-18 20:07:12.628 [Task monitor] DEBUG nextflow.util.ThreadPoolBuilder - Creating thread pool 'TaskFinalizer' minSize=10; maxSize=24; workQueue=LinkedBlockingQueue[-1]; allowCoreThreadTimeout=false
Oct-18 20:07:12.695 [Task submitter] DEBUG n.executor.local.LocalTaskHandler - Launch cmd line: /bin/bash -ue .command.run
Oct-18 20:07:12.697 [Task submitter] INFO  nextflow.Session - [45/f0aae0] Submitted process > PROCESS_MetaEnrichmentTasks
Oct-18 20:07:23.545 [Task monitor] DEBUG n.processor.TaskPollingMonitor - Task completed > TaskHandler[id: 2; name: PROCESS_MetaEnrichmentTasks; status: COMPLETED; exit: 0; error: -; workDir: /aloy/home/ymartins/match_clinical_trial/ner_subproj/work/45/f0aae0cba95a0bd94dd95e9a8e48b2]
Oct-18 20:07:23.547 [main] DEBUG nextflow.Session - Session await > all processes finished
Oct-18 20:07:23.645 [Task monitor] DEBUG n.processor.TaskPollingMonitor - <<< barrier arrives (monitor: local) - terminating tasks monitor poll loop
Oct-18 20:07:23.646 [main] DEBUG nextflow.Session - Session await > all barriers passed
Oct-18 20:07:23.648 [main] DEBUG nextflow.util.ThreadPoolManager - Thread pool 'TaskFinalizer' shutdown completed (hard=false)
Oct-18 20:07:23.651 [main] INFO  nextflow.Nextflow - 
Done! Models were trained and evaluated!

Oct-18 20:07:23.658 [main] DEBUG n.trace.WorkflowStatsObserver - Workflow completed > WorkflowStats[succeededCount=2; failedCount=0; ignoredCount=0; cachedCount=0; pendingCount=0; submittedCount=0; runningCount=0; retriesCount=0; abortedCount=0; succeedDuration=1m 27s; failedDuration=0ms; cachedDuration=0ms;loadCpus=0; loadMemory=0; peakRunning=1; peakCpus=8; peakMemory=0; ]
Oct-18 20:07:23.741 [main] DEBUG nextflow.cache.CacheDB - Closing CacheDB done
Oct-18 20:07:23.776 [main] DEBUG nextflow.util.ThreadPoolManager - Thread pool 'FileTransfer' shutdown completed (hard=false)
Oct-18 20:07:23.776 [main] DEBUG nextflow.script.ScriptRunner - > Execution complete -- Goodbye
